q_ini 0 _ l W0_1
q_ini 1 _ l W1_1
q_ini _ _ r Z1
Z1 _ _ r Z2
Z1 0 0 * q_ini
Z1 1 1 * q_ini
Z2 _ _ r Z3
Z2 0 0 * q_ini
Z2 1 1 * q_ini
Z3 _ _ r Z4
Z3 0 0 * q_ini
Z3 1 1 * q_ini
Z4 _ _ * halt-accept
Z4 0 0 * q_ini
Z4 1 1 * q_ini
W0_1 * * l W0_2
W1_1 * * l W1_2
W0_2 * * l W0_3
W1_2 * * l W1_3
W0_3 * 0 r SEEK
W1_3 * 1 r SEEK
SEEK 0 0 * q_ini
SEEK 1 1 * q_ini
SEEK _ _ r SEEK2
SEEK2 0 0 * q_ini
SEEK2 1 1 * q_ini
SEEK2 _ _ r Z1
0 0 # r move0
0 1 # r move1
move0 0 0 r move0
move0 1 0 r move1
move0 _ 0 r colocaMarca
move1 0 1 r move0
move1 1 1 r move1
move1 _ 1 r colocaMarca
voltaComeco * * l voltaComeco
voltaComeco # # r q_ini
colocaMarca _ & l voltaComeco
W0_2auxHash 1 _ r W0_2auxHash1
W0_2 # # r W0_2auxHash
W0_2auxHash _ _ r W0_2auxHashVazio
W0_2auxHashVazio _ _ r W0_2auxHashVazio
W0_2auxHashVazio 1 _ r W0_2auxHash1
SEEK2auxHash 1 _ r SEEK2auxHash1
SEEK2 # # r SEEK2auxHash
SEEK2auxHash _ _ r SEEK2auxHashVazio
SEEK2auxHashVazio _ _ r SEEK2auxHashVazio
SEEK2auxHashVazio 1 _ r SEEK2auxHash1
Z1auxHash 1 _ r Z1auxHash1
Z1 # # r Z1auxHash
Z1auxHash _ _ r Z1auxHashVazio
Z1auxHashVazio _ _ r Z1auxHashVazio
Z1auxHashVazio 1 _ r Z1auxHash1
W1_1auxHash 1 _ r W1_1auxHash1
W1_1 # # r W1_1auxHash
W1_1auxHash _ _ r W1_1auxHashVazio
W1_1auxHashVazio _ _ r W1_1auxHashVazio
W1_1auxHashVazio 1 _ r W1_1auxHash1
SEEKauxHash 1 _ r SEEKauxHash1
SEEK # # r SEEKauxHash
SEEKauxHash _ _ r SEEKauxHashVazio
SEEKauxHashVazio _ _ r SEEKauxHashVazio
SEEKauxHashVazio 1 _ r SEEKauxHash1
W0_3auxHash 1 _ r W0_3auxHash1
W0_3 # # r W0_3auxHash
W0_3auxHash _ _ r W0_3auxHashVazio
W0_3auxHashVazio _ _ r W0_3auxHashVazio
W0_3auxHashVazio 1 _ r W0_3auxHash1
W1_2auxHash 1 _ r W1_2auxHash1
W1_2 # # r W1_2auxHash
W1_2auxHash _ _ r W1_2auxHashVazio
W1_2auxHashVazio _ _ r W1_2auxHashVazio
W1_2auxHashVazio 1 _ r W1_2auxHash1
W0_1auxHash 1 _ r W0_1auxHash1
W0_1 # # r W0_1auxHash
W0_1auxHash _ _ r W0_1auxHashVazio
W0_1auxHashVazio _ _ r W0_1auxHashVazio
W0_1auxHashVazio 1 _ r W0_1auxHash1
Z4auxHash 1 _ r Z4auxHash1
Z4 # # r Z4auxHash
Z4auxHash _ _ r Z4auxHashVazio
Z4auxHashVazio _ _ r Z4auxHashVazio
Z4auxHashVazio 1 _ r Z4auxHash1
Z3auxHash 1 _ r Z3auxHash1
Z3 # # r Z3auxHash
Z3auxHash _ _ r Z3auxHashVazio
Z3auxHashVazio _ _ r Z3auxHashVazio
Z3auxHashVazio 1 _ r Z3auxHash1
0auxHash 1 _ r 0auxHash1
0 # # r 0auxHash
0auxHash _ _ r 0auxHashVazio
0auxHashVazio _ _ r 0auxHashVazio
0auxHashVazio 1 _ r 0auxHash1
W1_3auxHash 1 _ r W1_3auxHash1
W1_3 # # r W1_3auxHash
W1_3auxHash _ _ r W1_3auxHashVazio
W1_3auxHashVazio _ _ r W1_3auxHashVazio
W1_3auxHashVazio 1 _ r W1_3auxHash1
Z2auxHash 1 _ r Z2auxHash1
Z2 # # r Z2auxHash
Z2auxHash _ _ r Z2auxHashVazio
Z2auxHashVazio _ _ r Z2auxHashVazio
Z2auxHashVazio 1 _ r Z2auxHash1
W0_2auxHash * _ r W0_2auxHash*
W0_2 # # r W0_2auxHash
W0_2auxHash _ _ r W0_2auxHashVazio
W0_2auxHashVazio _ _ r W0_2auxHashVazio
W0_2auxHashVazio * _ r W0_2auxHash*
SEEK2auxHash * _ r SEEK2auxHash*
SEEK2 # # r SEEK2auxHash
SEEK2auxHash _ _ r SEEK2auxHashVazio
SEEK2auxHashVazio _ _ r SEEK2auxHashVazio
SEEK2auxHashVazio * _ r SEEK2auxHash*
Z1auxHash * _ r Z1auxHash*
Z1 # # r Z1auxHash
Z1auxHash _ _ r Z1auxHashVazio
Z1auxHashVazio _ _ r Z1auxHashVazio
Z1auxHashVazio * _ r Z1auxHash*
W1_1auxHash * _ r W1_1auxHash*
W1_1 # # r W1_1auxHash
W1_1auxHash _ _ r W1_1auxHashVazio
W1_1auxHashVazio _ _ r W1_1auxHashVazio
W1_1auxHashVazio * _ r W1_1auxHash*
SEEKauxHash * _ r SEEKauxHash*
SEEK # # r SEEKauxHash
SEEKauxHash _ _ r SEEKauxHashVazio
SEEKauxHashVazio _ _ r SEEKauxHashVazio
SEEKauxHashVazio * _ r SEEKauxHash*
W0_3auxHash * _ r W0_3auxHash*
W0_3 # # r W0_3auxHash
W0_3auxHash _ _ r W0_3auxHashVazio
W0_3auxHashVazio _ _ r W0_3auxHashVazio
W0_3auxHashVazio * _ r W0_3auxHash*
W1_2auxHash * _ r W1_2auxHash*
W1_2 # # r W1_2auxHash
W1_2auxHash _ _ r W1_2auxHashVazio
W1_2auxHashVazio _ _ r W1_2auxHashVazio
W1_2auxHashVazio * _ r W1_2auxHash*
W0_1auxHash * _ r W0_1auxHash*
W0_1 # # r W0_1auxHash
W0_1auxHash _ _ r W0_1auxHashVazio
W0_1auxHashVazio _ _ r W0_1auxHashVazio
W0_1auxHashVazio * _ r W0_1auxHash*
Z4auxHash * _ r Z4auxHash*
Z4 # # r Z4auxHash
Z4auxHash _ _ r Z4auxHashVazio
Z4auxHashVazio _ _ r Z4auxHashVazio
Z4auxHashVazio * _ r Z4auxHash*
Z3auxHash * _ r Z3auxHash*
Z3 # # r Z3auxHash
Z3auxHash _ _ r Z3auxHashVazio
Z3auxHashVazio _ _ r Z3auxHashVazio
Z3auxHashVazio * _ r Z3auxHash*
0auxHash * _ r 0auxHash*
0 # # r 0auxHash
0auxHash _ _ r 0auxHashVazio
0auxHashVazio _ _ r 0auxHashVazio
0auxHashVazio * _ r 0auxHash*
W1_3auxHash * _ r W1_3auxHash*
W1_3 # # r W1_3auxHash
W1_3auxHash _ _ r W1_3auxHashVazio
W1_3auxHashVazio _ _ r W1_3auxHashVazio
W1_3auxHashVazio * _ r W1_3auxHash*
Z2auxHash * _ r Z2auxHash*
Z2 # # r Z2auxHash
Z2auxHash _ _ r Z2auxHashVazio
Z2auxHashVazio _ _ r Z2auxHashVazio
Z2auxHashVazio * _ r Z2auxHash*
W0_2auxHash 0 _ r W0_2auxHash0
W0_2 # # r W0_2auxHash
W0_2auxHash _ _ r W0_2auxHashVazio
W0_2auxHashVazio _ _ r W0_2auxHashVazio
W0_2auxHashVazio 0 _ r W0_2auxHash0
SEEK2auxHash 0 _ r SEEK2auxHash0
SEEK2 # # r SEEK2auxHash
SEEK2auxHash _ _ r SEEK2auxHashVazio
SEEK2auxHashVazio _ _ r SEEK2auxHashVazio
SEEK2auxHashVazio 0 _ r SEEK2auxHash0
Z1auxHash 0 _ r Z1auxHash0
Z1 # # r Z1auxHash
Z1auxHash _ _ r Z1auxHashVazio
Z1auxHashVazio _ _ r Z1auxHashVazio
Z1auxHashVazio 0 _ r Z1auxHash0
W1_1auxHash 0 _ r W1_1auxHash0
W1_1 # # r W1_1auxHash
W1_1auxHash _ _ r W1_1auxHashVazio
W1_1auxHashVazio _ _ r W1_1auxHashVazio
W1_1auxHashVazio 0 _ r W1_1auxHash0
SEEKauxHash 0 _ r SEEKauxHash0
SEEK # # r SEEKauxHash
SEEKauxHash _ _ r SEEKauxHashVazio
SEEKauxHashVazio _ _ r SEEKauxHashVazio
SEEKauxHashVazio 0 _ r SEEKauxHash0
W0_3auxHash 0 _ r W0_3auxHash0
W0_3 # # r W0_3auxHash
W0_3auxHash _ _ r W0_3auxHashVazio
W0_3auxHashVazio _ _ r W0_3auxHashVazio
W0_3auxHashVazio 0 _ r W0_3auxHash0
W1_2auxHash 0 _ r W1_2auxHash0
W1_2 # # r W1_2auxHash
W1_2auxHash _ _ r W1_2auxHashVazio
W1_2auxHashVazio _ _ r W1_2auxHashVazio
W1_2auxHashVazio 0 _ r W1_2auxHash0
W0_1auxHash 0 _ r W0_1auxHash0
W0_1 # # r W0_1auxHash
W0_1auxHash _ _ r W0_1auxHashVazio
W0_1auxHashVazio _ _ r W0_1auxHashVazio
W0_1auxHashVazio 0 _ r W0_1auxHash0
Z4auxHash 0 _ r Z4auxHash0
Z4 # # r Z4auxHash
Z4auxHash _ _ r Z4auxHashVazio
Z4auxHashVazio _ _ r Z4auxHashVazio
Z4auxHashVazio 0 _ r Z4auxHash0
Z3auxHash 0 _ r Z3auxHash0
Z3 # # r Z3auxHash
Z3auxHash _ _ r Z3auxHashVazio
Z3auxHashVazio _ _ r Z3auxHashVazio
Z3auxHashVazio 0 _ r Z3auxHash0
0auxHash 0 _ r 0auxHash0
0 # # r 0auxHash
0auxHash _ _ r 0auxHashVazio
0auxHashVazio _ _ r 0auxHashVazio
0auxHashVazio 0 _ r 0auxHash0
W1_3auxHash 0 _ r W1_3auxHash0
W1_3 # # r W1_3auxHash
W1_3auxHash _ _ r W1_3auxHashVazio
W1_3auxHashVazio _ _ r W1_3auxHashVazio
W1_3auxHashVazio 0 _ r W1_3auxHash0
Z2auxHash 0 _ r Z2auxHash0
Z2 # # r Z2auxHash
Z2auxHash _ _ r Z2auxHashVazio
Z2auxHashVazio _ _ r Z2auxHashVazio
Z2auxHashVazio 0 _ r Z2auxHash0
W0_2auxHash1 1 1 r W0_2auxHash1
W0_2auxHash1 * 1 r W0_2auxHash*
W0_2auxHash1 0 1 r W0_2auxHash0
W0_2auxHash* 1 * r W0_2auxHash1
W0_2auxHash* * * r W0_2auxHash*
W0_2auxHash* 0 * r W0_2auxHash0
W0_2auxHash0 1 0 r W0_2auxHash1
W0_2auxHash0 * 0 r W0_2auxHash*
W0_2auxHash0 0 0 r W0_2auxHash0
SEEK2auxHash1 1 1 r SEEK2auxHash1
SEEK2auxHash1 * 1 r SEEK2auxHash*
SEEK2auxHash1 0 1 r SEEK2auxHash0
SEEK2auxHash* 1 * r SEEK2auxHash1
SEEK2auxHash* * * r SEEK2auxHash*
SEEK2auxHash* 0 * r SEEK2auxHash0
SEEK2auxHash0 1 0 r SEEK2auxHash1
SEEK2auxHash0 * 0 r SEEK2auxHash*
SEEK2auxHash0 0 0 r SEEK2auxHash0
Z1auxHash1 1 1 r Z1auxHash1
Z1auxHash1 * 1 r Z1auxHash*
Z1auxHash1 0 1 r Z1auxHash0
Z1auxHash* 1 * r Z1auxHash1
Z1auxHash* * * r Z1auxHash*
Z1auxHash* 0 * r Z1auxHash0
Z1auxHash0 1 0 r Z1auxHash1
Z1auxHash0 * 0 r Z1auxHash*
Z1auxHash0 0 0 r Z1auxHash0
W1_1auxHash1 1 1 r W1_1auxHash1
W1_1auxHash1 * 1 r W1_1auxHash*
W1_1auxHash1 0 1 r W1_1auxHash0
W1_1auxHash* 1 * r W1_1auxHash1
W1_1auxHash* * * r W1_1auxHash*
W1_1auxHash* 0 * r W1_1auxHash0
W1_1auxHash0 1 0 r W1_1auxHash1
W1_1auxHash0 * 0 r W1_1auxHash*
W1_1auxHash0 0 0 r W1_1auxHash0
SEEKauxHash1 1 1 r SEEKauxHash1
SEEKauxHash1 * 1 r SEEKauxHash*
SEEKauxHash1 0 1 r SEEKauxHash0
SEEKauxHash* 1 * r SEEKauxHash1
SEEKauxHash* * * r SEEKauxHash*
SEEKauxHash* 0 * r SEEKauxHash0
SEEKauxHash0 1 0 r SEEKauxHash1
SEEKauxHash0 * 0 r SEEKauxHash*
SEEKauxHash0 0 0 r SEEKauxHash0
W0_3auxHash1 1 1 r W0_3auxHash1
W0_3auxHash1 * 1 r W0_3auxHash*
W0_3auxHash1 0 1 r W0_3auxHash0
W0_3auxHash* 1 * r W0_3auxHash1
W0_3auxHash* * * r W0_3auxHash*
W0_3auxHash* 0 * r W0_3auxHash0
W0_3auxHash0 1 0 r W0_3auxHash1
W0_3auxHash0 * 0 r W0_3auxHash*
W0_3auxHash0 0 0 r W0_3auxHash0
W1_2auxHash1 1 1 r W1_2auxHash1
W1_2auxHash1 * 1 r W1_2auxHash*
W1_2auxHash1 0 1 r W1_2auxHash0
W1_2auxHash* 1 * r W1_2auxHash1
W1_2auxHash* * * r W1_2auxHash*
W1_2auxHash* 0 * r W1_2auxHash0
W1_2auxHash0 1 0 r W1_2auxHash1
W1_2auxHash0 * 0 r W1_2auxHash*
W1_2auxHash0 0 0 r W1_2auxHash0
W0_1auxHash1 1 1 r W0_1auxHash1
W0_1auxHash1 * 1 r W0_1auxHash*
W0_1auxHash1 0 1 r W0_1auxHash0
W0_1auxHash* 1 * r W0_1auxHash1
W0_1auxHash* * * r W0_1auxHash*
W0_1auxHash* 0 * r W0_1auxHash0
W0_1auxHash0 1 0 r W0_1auxHash1
W0_1auxHash0 * 0 r W0_1auxHash*
W0_1auxHash0 0 0 r W0_1auxHash0
Z4auxHash1 1 1 r Z4auxHash1
Z4auxHash1 * 1 r Z4auxHash*
Z4auxHash1 0 1 r Z4auxHash0
Z4auxHash* 1 * r Z4auxHash1
Z4auxHash* * * r Z4auxHash*
Z4auxHash* 0 * r Z4auxHash0
Z4auxHash0 1 0 r Z4auxHash1
Z4auxHash0 * 0 r Z4auxHash*
Z4auxHash0 0 0 r Z4auxHash0
Z3auxHash1 1 1 r Z3auxHash1
Z3auxHash1 * 1 r Z3auxHash*
Z3auxHash1 0 1 r Z3auxHash0
Z3auxHash* 1 * r Z3auxHash1
Z3auxHash* * * r Z3auxHash*
Z3auxHash* 0 * r Z3auxHash0
Z3auxHash0 1 0 r Z3auxHash1
Z3auxHash0 * 0 r Z3auxHash*
Z3auxHash0 0 0 r Z3auxHash0
0auxHash1 1 1 r 0auxHash1
0auxHash1 * 1 r 0auxHash*
0auxHash1 0 1 r 0auxHash0
0auxHash* 1 * r 0auxHash1
0auxHash* * * r 0auxHash*
0auxHash* 0 * r 0auxHash0
0auxHash0 1 0 r 0auxHash1
0auxHash0 * 0 r 0auxHash*
0auxHash0 0 0 r 0auxHash0
W1_3auxHash1 1 1 r W1_3auxHash1
W1_3auxHash1 * 1 r W1_3auxHash*
W1_3auxHash1 0 1 r W1_3auxHash0
W1_3auxHash* 1 * r W1_3auxHash1
W1_3auxHash* * * r W1_3auxHash*
W1_3auxHash* 0 * r W1_3auxHash0
W1_3auxHash0 1 0 r W1_3auxHash1
W1_3auxHash0 * 0 r W1_3auxHash*
W1_3auxHash0 0 0 r W1_3auxHash0
Z2auxHash1 1 1 r Z2auxHash1
Z2auxHash1 * 1 r Z2auxHash*
Z2auxHash1 0 1 r Z2auxHash0
Z2auxHash* 1 * r Z2auxHash1
Z2auxHash* * * r Z2auxHash*
Z2auxHash* 0 * r Z2auxHash0
Z2auxHash0 1 0 r Z2auxHash1
Z2auxHash0 * 0 r Z2auxHash*
Z2auxHash0 0 0 r Z2auxHash0
W0_2auxHashVazio1 _ 0 r W0_2
W0_2auxHash1 _ 1 r 1retW0_2
1retW0_2 * * l 1retW0_2
1retW0_2 # # r W0_2
SEEK2auxHashVazio1 _ 0 r SEEK2
SEEK2auxHash1 _ 1 r 1retSEEK2
1retSEEK2 * * l 1retSEEK2
1retSEEK2 # # r SEEK2
Z1auxHashVazio1 _ 0 r Z1
Z1auxHash1 _ 1 r 1retZ1
1retZ1 * * l 1retZ1
1retZ1 # # r Z1
W1_1auxHashVazio1 _ 0 r W1_1
W1_1auxHash1 _ 1 r 1retW1_1
1retW1_1 * * l 1retW1_1
1retW1_1 # # r W1_1
SEEKauxHashVazio1 _ 0 r SEEK
SEEKauxHash1 _ 1 r 1retSEEK
1retSEEK * * l 1retSEEK
1retSEEK # # r SEEK
W0_3auxHashVazio1 _ 0 r W0_3
W0_3auxHash1 _ 1 r 1retW0_3
1retW0_3 * * l 1retW0_3
1retW0_3 # # r W0_3
W1_2auxHashVazio1 _ 0 r W1_2
W1_2auxHash1 _ 1 r 1retW1_2
1retW1_2 * * l 1retW1_2
1retW1_2 # # r W1_2
W0_1auxHashVazio1 _ 0 r W0_1
W0_1auxHash1 _ 1 r 1retW0_1
1retW0_1 * * l 1retW0_1
1retW0_1 # # r W0_1
Z4auxHashVazio1 _ 0 r Z4
Z4auxHash1 _ 1 r 1retZ4
1retZ4 * * l 1retZ4
1retZ4 # # r Z4
Z3auxHashVazio1 _ 0 r Z3
Z3auxHash1 _ 1 r 1retZ3
1retZ3 * * l 1retZ3
1retZ3 # # r Z3
0auxHashVazio1 _ 0 r 0
0auxHash1 _ 1 r 1ret0
1ret0 * * l 1ret0
1ret0 # # r 0
W1_3auxHashVazio1 _ 0 r W1_3
W1_3auxHash1 _ 1 r 1retW1_3
1retW1_3 * * l 1retW1_3
1retW1_3 # # r W1_3
Z2auxHashVazio1 _ 0 r Z2
Z2auxHash1 _ 1 r 1retZ2
1retZ2 * * l 1retZ2
1retZ2 # # r Z2
W0_2auxHashVazio* _ 0 r W0_2
W0_2auxHash* _ * r *retW0_2
*retW0_2 * * l *retW0_2
*retW0_2 # # r W0_2
SEEK2auxHashVazio* _ 0 r SEEK2
SEEK2auxHash* _ * r *retSEEK2
*retSEEK2 * * l *retSEEK2
*retSEEK2 # # r SEEK2
Z1auxHashVazio* _ 0 r Z1
Z1auxHash* _ * r *retZ1
*retZ1 * * l *retZ1
*retZ1 # # r Z1
W1_1auxHashVazio* _ 0 r W1_1
W1_1auxHash* _ * r *retW1_1
*retW1_1 * * l *retW1_1
*retW1_1 # # r W1_1
SEEKauxHashVazio* _ 0 r SEEK
SEEKauxHash* _ * r *retSEEK
*retSEEK * * l *retSEEK
*retSEEK # # r SEEK
W0_3auxHashVazio* _ 0 r W0_3
W0_3auxHash* _ * r *retW0_3
*retW0_3 * * l *retW0_3
*retW0_3 # # r W0_3
W1_2auxHashVazio* _ 0 r W1_2
W1_2auxHash* _ * r *retW1_2
*retW1_2 * * l *retW1_2
*retW1_2 # # r W1_2
W0_1auxHashVazio* _ 0 r W0_1
W0_1auxHash* _ * r *retW0_1
*retW0_1 * * l *retW0_1
*retW0_1 # # r W0_1
Z4auxHashVazio* _ 0 r Z4
Z4auxHash* _ * r *retZ4
*retZ4 * * l *retZ4
*retZ4 # # r Z4
Z3auxHashVazio* _ 0 r Z3
Z3auxHash* _ * r *retZ3
*retZ3 * * l *retZ3
*retZ3 # # r Z3
0auxHashVazio* _ 0 r 0
0auxHash* _ * r *ret0
*ret0 * * l *ret0
*ret0 # # r 0
W1_3auxHashVazio* _ 0 r W1_3
W1_3auxHash* _ * r *retW1_3
*retW1_3 * * l *retW1_3
*retW1_3 # # r W1_3
Z2auxHashVazio* _ 0 r Z2
Z2auxHash* _ * r *retZ2
*retZ2 * * l *retZ2
*retZ2 # # r Z2
W0_2auxHashVazio0 _ 0 r W0_2
W0_2auxHash0 _ 0 r 0retW0_2
0retW0_2 * * l 0retW0_2
0retW0_2 # # r W0_2
SEEK2auxHashVazio0 _ 0 r SEEK2
SEEK2auxHash0 _ 0 r 0retSEEK2
0retSEEK2 * * l 0retSEEK2
0retSEEK2 # # r SEEK2
Z1auxHashVazio0 _ 0 r Z1
Z1auxHash0 _ 0 r 0retZ1
0retZ1 * * l 0retZ1
0retZ1 # # r Z1
W1_1auxHashVazio0 _ 0 r W1_1
W1_1auxHash0 _ 0 r 0retW1_1
0retW1_1 * * l 0retW1_1
0retW1_1 # # r W1_1
SEEKauxHashVazio0 _ 0 r SEEK
SEEKauxHash0 _ 0 r 0retSEEK
0retSEEK * * l 0retSEEK
0retSEEK # # r SEEK
W0_3auxHashVazio0 _ 0 r W0_3
W0_3auxHash0 _ 0 r 0retW0_3
0retW0_3 * * l 0retW0_3
0retW0_3 # # r W0_3
W1_2auxHashVazio0 _ 0 r W1_2
W1_2auxHash0 _ 0 r 0retW1_2
0retW1_2 * * l 0retW1_2
0retW1_2 # # r W1_2
W0_1auxHashVazio0 _ 0 r W0_1
W0_1auxHash0 _ 0 r 0retW0_1
0retW0_1 * * l 0retW0_1
0retW0_1 # # r W0_1
Z4auxHashVazio0 _ 0 r Z4
Z4auxHash0 _ 0 r 0retZ4
0retZ4 * * l 0retZ4
0retZ4 # # r Z4
Z3auxHashVazio0 _ 0 r Z3
Z3auxHash0 _ 0 r 0retZ3
0retZ3 * * l 0retZ3
0retZ3 # # r Z3
0auxHashVazio0 _ 0 r 0
0auxHash0 _ 0 r 0ret0
0ret0 * * l 0ret0
0ret0 # # r 0
W1_3auxHashVazio0 _ 0 r W1_3
W1_3auxHash0 _ 0 r 0retW1_3
0retW1_3 * * l 0retW1_3
0retW1_3 # # r W1_3
Z2auxHashVazio0 _ 0 r Z2
Z2auxHash0 _ 0 r 0retZ2
0retZ2 * * l 0retZ2
0retZ2 # # r Z2
q_ini & _ r expandeDireitaq_ini
expandeDireitaq_ini _ & l q_ini
Z1 & _ r expandeDireitaZ1
expandeDireitaZ1 _ & l Z1
Z2 & _ r expandeDireitaZ2
expandeDireitaZ2 _ & l Z2
Z3 & _ r expandeDireitaZ3
expandeDireitaZ3 _ & l Z3
Z4 & _ r expandeDireitaZ4
expandeDireitaZ4 _ & l Z4
W0_1 & _ r expandeDireitaW0_1
expandeDireitaW0_1 _ & l W0_1
W1_1 & _ r expandeDireitaW1_1
expandeDireitaW1_1 _ & l W1_1
W0_2 & _ r expandeDireitaW0_2
expandeDireitaW0_2 _ & l W0_2
W1_2 & _ r expandeDireitaW1_2
expandeDireitaW1_2 _ & l W1_2
W0_3 & _ r expandeDireitaW0_3
expandeDireitaW0_3 _ & l W0_3
W1_3 & _ r expandeDireitaW1_3
expandeDireitaW1_3 _ & l W1_3
SEEK & _ r expandeDireitaSEEK
expandeDireitaSEEK _ & l SEEK
SEEK2 & _ r expandeDireitaSEEK2
expandeDireitaSEEK2 _ & l SEEK2
W0_2auxHash & _ r expandeDireitaW0_2auxHash
expandeDireitaW0_2auxHash _ & l W0_2auxHash
W0_2auxHashVazio & _ r expandeDireitaW0_2auxHashVazio
expandeDireitaW0_2auxHashVazio _ & l W0_2auxHashVazio
SEEK2auxHash & _ r expandeDireitaSEEK2auxHash
expandeDireitaSEEK2auxHash _ & l SEEK2auxHash
SEEK2auxHashVazio & _ r expandeDireitaSEEK2auxHashVazio
expandeDireitaSEEK2auxHashVazio _ & l SEEK2auxHashVazio
Z1auxHash & _ r expandeDireitaZ1auxHash
expandeDireitaZ1auxHash _ & l Z1auxHash
Z1auxHashVazio & _ r expandeDireitaZ1auxHashVazio
expandeDireitaZ1auxHashVazio _ & l Z1auxHashVazio
W1_1auxHash & _ r expandeDireitaW1_1auxHash
expandeDireitaW1_1auxHash _ & l W1_1auxHash
W1_1auxHashVazio & _ r expandeDireitaW1_1auxHashVazio
expandeDireitaW1_1auxHashVazio _ & l W1_1auxHashVazio
SEEKauxHash & _ r expandeDireitaSEEKauxHash
expandeDireitaSEEKauxHash _ & l SEEKauxHash
SEEKauxHashVazio & _ r expandeDireitaSEEKauxHashVazio
expandeDireitaSEEKauxHashVazio _ & l SEEKauxHashVazio
W0_3auxHash & _ r expandeDireitaW0_3auxHash
expandeDireitaW0_3auxHash _ & l W0_3auxHash
W0_3auxHashVazio & _ r expandeDireitaW0_3auxHashVazio
expandeDireitaW0_3auxHashVazio _ & l W0_3auxHashVazio
W1_2auxHash & _ r expandeDireitaW1_2auxHash
expandeDireitaW1_2auxHash _ & l W1_2auxHash
W1_2auxHashVazio & _ r expandeDireitaW1_2auxHashVazio
expandeDireitaW1_2auxHashVazio _ & l W1_2auxHashVazio
W0_1auxHash & _ r expandeDireitaW0_1auxHash
expandeDireitaW0_1auxHash _ & l W0_1auxHash
W0_1auxHashVazio & _ r expandeDireitaW0_1auxHashVazio
expandeDireitaW0_1auxHashVazio _ & l W0_1auxHashVazio
Z4auxHash & _ r expandeDireitaZ4auxHash
expandeDireitaZ4auxHash _ & l Z4auxHash
Z4auxHashVazio & _ r expandeDireitaZ4auxHashVazio
expandeDireitaZ4auxHashVazio _ & l Z4auxHashVazio
Z3auxHash & _ r expandeDireitaZ3auxHash
expandeDireitaZ3auxHash _ & l Z3auxHash
Z3auxHashVazio & _ r expandeDireitaZ3auxHashVazio
expandeDireitaZ3auxHashVazio _ & l Z3auxHashVazio
0auxHash & _ r expandeDireita0auxHash
expandeDireita0auxHash _ & l 0auxHash
0auxHashVazio & _ r expandeDireita0auxHashVazio
expandeDireita0auxHashVazio _ & l 0auxHashVazio
W1_3auxHash & _ r expandeDireitaW1_3auxHash
expandeDireitaW1_3auxHash _ & l W1_3auxHash
W1_3auxHashVazio & _ r expandeDireitaW1_3auxHashVazio
expandeDireitaW1_3auxHashVazio _ & l W1_3auxHashVazio
Z2auxHash & _ r expandeDireitaZ2auxHash
expandeDireitaZ2auxHash _ & l Z2auxHash
Z2auxHashVazio & _ r expandeDireitaZ2auxHashVazio
expandeDireitaZ2auxHashVazio _ & l Z2auxHashVazio
W0_2auxHash1 & _ r expandeDireitaW0_2auxHash1
expandeDireitaW0_2auxHash1 _ & l W0_2auxHash1
W0_2auxHash* & _ r expandeDireitaW0_2auxHash*
expandeDireitaW0_2auxHash* _ & l W0_2auxHash*
W0_2auxHash0 & _ r expandeDireitaW0_2auxHash0
expandeDireitaW0_2auxHash0 _ & l W0_2auxHash0
SEEK2auxHash1 & _ r expandeDireitaSEEK2auxHash1
expandeDireitaSEEK2auxHash1 _ & l SEEK2auxHash1
SEEK2auxHash* & _ r expandeDireitaSEEK2auxHash*
expandeDireitaSEEK2auxHash* _ & l SEEK2auxHash*
SEEK2auxHash0 & _ r expandeDireitaSEEK2auxHash0
expandeDireitaSEEK2auxHash0 _ & l SEEK2auxHash0
Z1auxHash1 & _ r expandeDireitaZ1auxHash1
expandeDireitaZ1auxHash1 _ & l Z1auxHash1
Z1auxHash* & _ r expandeDireitaZ1auxHash*
expandeDireitaZ1auxHash* _ & l Z1auxHash*
Z1auxHash0 & _ r expandeDireitaZ1auxHash0
expandeDireitaZ1auxHash0 _ & l Z1auxHash0
W1_1auxHash1 & _ r expandeDireitaW1_1auxHash1
expandeDireitaW1_1auxHash1 _ & l W1_1auxHash1
W1_1auxHash* & _ r expandeDireitaW1_1auxHash*
expandeDireitaW1_1auxHash* _ & l W1_1auxHash*
W1_1auxHash0 & _ r expandeDireitaW1_1auxHash0
expandeDireitaW1_1auxHash0 _ & l W1_1auxHash0
SEEKauxHash1 & _ r expandeDireitaSEEKauxHash1
expandeDireitaSEEKauxHash1 _ & l SEEKauxHash1
SEEKauxHash* & _ r expandeDireitaSEEKauxHash*
expandeDireitaSEEKauxHash* _ & l SEEKauxHash*
SEEKauxHash0 & _ r expandeDireitaSEEKauxHash0
expandeDireitaSEEKauxHash0 _ & l SEEKauxHash0
W0_3auxHash1 & _ r expandeDireitaW0_3auxHash1
expandeDireitaW0_3auxHash1 _ & l W0_3auxHash1
W0_3auxHash* & _ r expandeDireitaW0_3auxHash*
expandeDireitaW0_3auxHash* _ & l W0_3auxHash*
W0_3auxHash0 & _ r expandeDireitaW0_3auxHash0
expandeDireitaW0_3auxHash0 _ & l W0_3auxHash0
W1_2auxHash1 & _ r expandeDireitaW1_2auxHash1
expandeDireitaW1_2auxHash1 _ & l W1_2auxHash1
W1_2auxHash* & _ r expandeDireitaW1_2auxHash*
expandeDireitaW1_2auxHash* _ & l W1_2auxHash*
W1_2auxHash0 & _ r expandeDireitaW1_2auxHash0
expandeDireitaW1_2auxHash0 _ & l W1_2auxHash0
W0_1auxHash1 & _ r expandeDireitaW0_1auxHash1
expandeDireitaW0_1auxHash1 _ & l W0_1auxHash1
W0_1auxHash* & _ r expandeDireitaW0_1auxHash*
expandeDireitaW0_1auxHash* _ & l W0_1auxHash*
W0_1auxHash0 & _ r expandeDireitaW0_1auxHash0
expandeDireitaW0_1auxHash0 _ & l W0_1auxHash0
Z4auxHash1 & _ r expandeDireitaZ4auxHash1
expandeDireitaZ4auxHash1 _ & l Z4auxHash1
Z4auxHash* & _ r expandeDireitaZ4auxHash*
expandeDireitaZ4auxHash* _ & l Z4auxHash*
Z4auxHash0 & _ r expandeDireitaZ4auxHash0
expandeDireitaZ4auxHash0 _ & l Z4auxHash0
Z3auxHash1 & _ r expandeDireitaZ3auxHash1
expandeDireitaZ3auxHash1 _ & l Z3auxHash1
Z3auxHash* & _ r expandeDireitaZ3auxHash*
expandeDireitaZ3auxHash* _ & l Z3auxHash*
Z3auxHash0 & _ r expandeDireitaZ3auxHash0
expandeDireitaZ3auxHash0 _ & l Z3auxHash0
0auxHash1 & _ r expandeDireita0auxHash1
expandeDireita0auxHash1 _ & l 0auxHash1
0auxHash* & _ r expandeDireita0auxHash*
expandeDireita0auxHash* _ & l 0auxHash*
0auxHash0 & _ r expandeDireita0auxHash0
expandeDireita0auxHash0 _ & l 0auxHash0
W1_3auxHash1 & _ r expandeDireitaW1_3auxHash1
expandeDireitaW1_3auxHash1 _ & l W1_3auxHash1
W1_3auxHash* & _ r expandeDireitaW1_3auxHash*
expandeDireitaW1_3auxHash* _ & l W1_3auxHash*
W1_3auxHash0 & _ r expandeDireitaW1_3auxHash0
expandeDireitaW1_3auxHash0 _ & l W1_3auxHash0
Z2auxHash1 & _ r expandeDireitaZ2auxHash1
expandeDireitaZ2auxHash1 _ & l Z2auxHash1
Z2auxHash* & _ r expandeDireitaZ2auxHash*
expandeDireitaZ2auxHash* _ & l Z2auxHash*
Z2auxHash0 & _ r expandeDireitaZ2auxHash0
expandeDireitaZ2auxHash0 _ & l Z2auxHash0
W0_2auxHashVazio1 & _ r expandeDireitaW0_2auxHashVazio1
expandeDireitaW0_2auxHashVazio1 _ & l W0_2auxHashVazio1
1retW0_2 & _ r expandeDireita1retW0_2
expandeDireita1retW0_2 _ & l 1retW0_2
SEEK2auxHashVazio1 & _ r expandeDireitaSEEK2auxHashVazio1
expandeDireitaSEEK2auxHashVazio1 _ & l SEEK2auxHashVazio1
1retSEEK2 & _ r expandeDireita1retSEEK2
expandeDireita1retSEEK2 _ & l 1retSEEK2
Z1auxHashVazio1 & _ r expandeDireitaZ1auxHashVazio1
expandeDireitaZ1auxHashVazio1 _ & l Z1auxHashVazio1
1retZ1 & _ r expandeDireita1retZ1
expandeDireita1retZ1 _ & l 1retZ1
W1_1auxHashVazio1 & _ r expandeDireitaW1_1auxHashVazio1
expandeDireitaW1_1auxHashVazio1 _ & l W1_1auxHashVazio1
1retW1_1 & _ r expandeDireita1retW1_1
expandeDireita1retW1_1 _ & l 1retW1_1
SEEKauxHashVazio1 & _ r expandeDireitaSEEKauxHashVazio1
expandeDireitaSEEKauxHashVazio1 _ & l SEEKauxHashVazio1
1retSEEK & _ r expandeDireita1retSEEK
expandeDireita1retSEEK _ & l 1retSEEK
W0_3auxHashVazio1 & _ r expandeDireitaW0_3auxHashVazio1
expandeDireitaW0_3auxHashVazio1 _ & l W0_3auxHashVazio1
1retW0_3 & _ r expandeDireita1retW0_3
expandeDireita1retW0_3 _ & l 1retW0_3
W1_2auxHashVazio1 & _ r expandeDireitaW1_2auxHashVazio1
expandeDireitaW1_2auxHashVazio1 _ & l W1_2auxHashVazio1
1retW1_2 & _ r expandeDireita1retW1_2
expandeDireita1retW1_2 _ & l 1retW1_2
W0_1auxHashVazio1 & _ r expandeDireitaW0_1auxHashVazio1
expandeDireitaW0_1auxHashVazio1 _ & l W0_1auxHashVazio1
1retW0_1 & _ r expandeDireita1retW0_1
expandeDireita1retW0_1 _ & l 1retW0_1
Z4auxHashVazio1 & _ r expandeDireitaZ4auxHashVazio1
expandeDireitaZ4auxHashVazio1 _ & l Z4auxHashVazio1
1retZ4 & _ r expandeDireita1retZ4
expandeDireita1retZ4 _ & l 1retZ4
Z3auxHashVazio1 & _ r expandeDireitaZ3auxHashVazio1
expandeDireitaZ3auxHashVazio1 _ & l Z3auxHashVazio1
1retZ3 & _ r expandeDireita1retZ3
expandeDireita1retZ3 _ & l 1retZ3
0auxHashVazio1 & _ r expandeDireita0auxHashVazio1
expandeDireita0auxHashVazio1 _ & l 0auxHashVazio1
1ret0 & _ r expandeDireita1ret0
expandeDireita1ret0 _ & l 1ret0
W1_3auxHashVazio1 & _ r expandeDireitaW1_3auxHashVazio1
expandeDireitaW1_3auxHashVazio1 _ & l W1_3auxHashVazio1
1retW1_3 & _ r expandeDireita1retW1_3
expandeDireita1retW1_3 _ & l 1retW1_3
Z2auxHashVazio1 & _ r expandeDireitaZ2auxHashVazio1
expandeDireitaZ2auxHashVazio1 _ & l Z2auxHashVazio1
1retZ2 & _ r expandeDireita1retZ2
expandeDireita1retZ2 _ & l 1retZ2
W0_2auxHashVazio* & _ r expandeDireitaW0_2auxHashVazio*
expandeDireitaW0_2auxHashVazio* _ & l W0_2auxHashVazio*
*retW0_2 & _ r expandeDireita*retW0_2
expandeDireita*retW0_2 _ & l *retW0_2
SEEK2auxHashVazio* & _ r expandeDireitaSEEK2auxHashVazio*
expandeDireitaSEEK2auxHashVazio* _ & l SEEK2auxHashVazio*
*retSEEK2 & _ r expandeDireita*retSEEK2
expandeDireita*retSEEK2 _ & l *retSEEK2
Z1auxHashVazio* & _ r expandeDireitaZ1auxHashVazio*
expandeDireitaZ1auxHashVazio* _ & l Z1auxHashVazio*
*retZ1 & _ r expandeDireita*retZ1
expandeDireita*retZ1 _ & l *retZ1
W1_1auxHashVazio* & _ r expandeDireitaW1_1auxHashVazio*
expandeDireitaW1_1auxHashVazio* _ & l W1_1auxHashVazio*
*retW1_1 & _ r expandeDireita*retW1_1
expandeDireita*retW1_1 _ & l *retW1_1
SEEKauxHashVazio* & _ r expandeDireitaSEEKauxHashVazio*
expandeDireitaSEEKauxHashVazio* _ & l SEEKauxHashVazio*
*retSEEK & _ r expandeDireita*retSEEK
expandeDireita*retSEEK _ & l *retSEEK
W0_3auxHashVazio* & _ r expandeDireitaW0_3auxHashVazio*
expandeDireitaW0_3auxHashVazio* _ & l W0_3auxHashVazio*
*retW0_3 & _ r expandeDireita*retW0_3
expandeDireita*retW0_3 _ & l *retW0_3
W1_2auxHashVazio* & _ r expandeDireitaW1_2auxHashVazio*
expandeDireitaW1_2auxHashVazio* _ & l W1_2auxHashVazio*
*retW1_2 & _ r expandeDireita*retW1_2
expandeDireita*retW1_2 _ & l *retW1_2
W0_1auxHashVazio* & _ r expandeDireitaW0_1auxHashVazio*
expandeDireitaW0_1auxHashVazio* _ & l W0_1auxHashVazio*
*retW0_1 & _ r expandeDireita*retW0_1
expandeDireita*retW0_1 _ & l *retW0_1
Z4auxHashVazio* & _ r expandeDireitaZ4auxHashVazio*
expandeDireitaZ4auxHashVazio* _ & l Z4auxHashVazio*
*retZ4 & _ r expandeDireita*retZ4
expandeDireita*retZ4 _ & l *retZ4
Z3auxHashVazio* & _ r expandeDireitaZ3auxHashVazio*
expandeDireitaZ3auxHashVazio* _ & l Z3auxHashVazio*
*retZ3 & _ r expandeDireita*retZ3
expandeDireita*retZ3 _ & l *retZ3
0auxHashVazio* & _ r expandeDireita0auxHashVazio*
expandeDireita0auxHashVazio* _ & l 0auxHashVazio*
*ret0 & _ r expandeDireita*ret0
expandeDireita*ret0 _ & l *ret0
W1_3auxHashVazio* & _ r expandeDireitaW1_3auxHashVazio*
expandeDireitaW1_3auxHashVazio* _ & l W1_3auxHashVazio*
*retW1_3 & _ r expandeDireita*retW1_3
expandeDireita*retW1_3 _ & l *retW1_3
Z2auxHashVazio* & _ r expandeDireitaZ2auxHashVazio*
expandeDireitaZ2auxHashVazio* _ & l Z2auxHashVazio*
*retZ2 & _ r expandeDireita*retZ2
expandeDireita*retZ2 _ & l *retZ2
W0_2auxHashVazio0 & _ r expandeDireitaW0_2auxHashVazio0
expandeDireitaW0_2auxHashVazio0 _ & l W0_2auxHashVazio0
0retW0_2 & _ r expandeDireita0retW0_2
expandeDireita0retW0_2 _ & l 0retW0_2
SEEK2auxHashVazio0 & _ r expandeDireitaSEEK2auxHashVazio0
expandeDireitaSEEK2auxHashVazio0 _ & l SEEK2auxHashVazio0
0retSEEK2 & _ r expandeDireita0retSEEK2
expandeDireita0retSEEK2 _ & l 0retSEEK2
Z1auxHashVazio0 & _ r expandeDireitaZ1auxHashVazio0
expandeDireitaZ1auxHashVazio0 _ & l Z1auxHashVazio0
0retZ1 & _ r expandeDireita0retZ1
expandeDireita0retZ1 _ & l 0retZ1
W1_1auxHashVazio0 & _ r expandeDireitaW1_1auxHashVazio0
expandeDireitaW1_1auxHashVazio0 _ & l W1_1auxHashVazio0
0retW1_1 & _ r expandeDireita0retW1_1
expandeDireita0retW1_1 _ & l 0retW1_1
SEEKauxHashVazio0 & _ r expandeDireitaSEEKauxHashVazio0
expandeDireitaSEEKauxHashVazio0 _ & l SEEKauxHashVazio0
0retSEEK & _ r expandeDireita0retSEEK
expandeDireita0retSEEK _ & l 0retSEEK
W0_3auxHashVazio0 & _ r expandeDireitaW0_3auxHashVazio0
expandeDireitaW0_3auxHashVazio0 _ & l W0_3auxHashVazio0
0retW0_3 & _ r expandeDireita0retW0_3
expandeDireita0retW0_3 _ & l 0retW0_3
W1_2auxHashVazio0 & _ r expandeDireitaW1_2auxHashVazio0
expandeDireitaW1_2auxHashVazio0 _ & l W1_2auxHashVazio0
0retW1_2 & _ r expandeDireita0retW1_2
expandeDireita0retW1_2 _ & l 0retW1_2
W0_1auxHashVazio0 & _ r expandeDireitaW0_1auxHashVazio0
expandeDireitaW0_1auxHashVazio0 _ & l W0_1auxHashVazio0
0retW0_1 & _ r expandeDireita0retW0_1
expandeDireita0retW0_1 _ & l 0retW0_1
Z4auxHashVazio0 & _ r expandeDireitaZ4auxHashVazio0
expandeDireitaZ4auxHashVazio0 _ & l Z4auxHashVazio0
0retZ4 & _ r expandeDireita0retZ4
expandeDireita0retZ4 _ & l 0retZ4
Z3auxHashVazio0 & _ r expandeDireitaZ3auxHashVazio0
expandeDireitaZ3auxHashVazio0 _ & l Z3auxHashVazio0
0retZ3 & _ r expandeDireita0retZ3
expandeDireita0retZ3 _ & l 0retZ3
0auxHashVazio0 & _ r expandeDireita0auxHashVazio0
expandeDireita0auxHashVazio0 _ & l 0auxHashVazio0
0ret0 & _ r expandeDireita0ret0
expandeDireita0ret0 _ & l 0ret0
W1_3auxHashVazio0 & _ r expandeDireitaW1_3auxHashVazio0
expandeDireitaW1_3auxHashVazio0 _ & l W1_3auxHashVazio0
0retW1_3 & _ r expandeDireita0retW1_3
expandeDireita0retW1_3 _ & l 0retW1_3
Z2auxHashVazio0 & _ r expandeDireitaZ2auxHashVazio0
expandeDireitaZ2auxHashVazio0 _ & l Z2auxHashVazio0
0retZ2 & _ r expandeDireita0retZ2
expandeDireita0retZ2 _ & l 0retZ2
